2022-07-04 00:42:21,354 - INFO - Berhasil Melakukan config firebase
2022-07-04 00:42:21,987 - INFO - Nilai Sekarang 0
2022-07-04 00:42:21,987 - INFO - Program still Running
2022-07-04 00:42:22,293 - INFO - Nilai Sekarang 0
2022-07-04 00:42:22,293 - INFO - Program still Running
2022-07-04 00:42:22,604 - INFO - Nilai Sekarang 0
2022-07-04 00:42:22,604 - INFO - Program still Running
2022-07-04 00:42:22,859 - INFO - Nilai Sekarang 0
2022-07-04 00:42:22,859 - INFO - Program still Running
2022-07-04 00:42:23,225 - INFO - Nilai Sekarang 0
2022-07-04 00:42:23,226 - INFO - Program still Running
2022-07-04 00:42:23,462 - INFO - Nilai Sekarang 0
2022-07-04 00:42:23,462 - INFO - Program still Running
2022-07-04 00:42:23,738 - INFO - Nilai Sekarang 0
2022-07-04 00:42:23,738 - INFO - Program still Running
2022-07-04 00:42:24,003 - INFO - Nilai Sekarang 0
2022-07-04 00:42:24,003 - INFO - Program still Running
2022-07-04 00:42:24,331 - INFO - Nilai Sekarang 0
2022-07-04 00:42:24,332 - INFO - Program still Running
2022-07-04 00:42:24,614 - INFO - Nilai Sekarang 0
2022-07-04 00:42:24,614 - INFO - Program still Running
2022-07-04 00:42:24,869 - INFO - Nilai Sekarang 0
2022-07-04 00:42:24,869 - INFO - Program still Running
2022-07-04 00:42:25,116 - INFO - Nilai Sekarang 0
2022-07-04 00:42:25,116 - INFO - Program still Running
2022-07-04 00:42:25,338 - INFO - Nilai Sekarang 0
2022-07-04 00:42:25,339 - INFO - Program still Running
2022-07-04 00:42:25,600 - INFO - Nilai Sekarang 0
2022-07-04 00:42:25,601 - INFO - Program still Running
2022-07-04 00:42:25,832 - INFO - Nilai Sekarang 0
2022-07-04 00:42:25,832 - INFO - Program still Running
2022-07-04 00:42:26,086 - INFO - Nilai Sekarang 0
2022-07-04 00:42:26,086 - INFO - Program still Running
2022-07-04 00:42:26,302 - INFO - Nilai Sekarang 0
2022-07-04 00:42:26,303 - INFO - Program still Running
2022-07-04 00:42:26,608 - INFO - Nilai Sekarang 0
2022-07-04 00:42:26,610 - INFO - Program still Running
2022-07-04 00:42:26,900 - INFO - Nilai Sekarang 0
2022-07-04 00:42:26,900 - INFO - Program still Running
2022-07-04 00:42:27,209 - INFO - Nilai Sekarang 0
2022-07-04 00:42:27,210 - INFO - Program still Running
2022-07-04 00:42:27,519 - INFO - Nilai Sekarang 0
2022-07-04 00:42:27,520 - INFO - Program still Running
2022-07-04 00:42:27,752 - INFO - Nilai Sekarang 0
2022-07-04 00:42:27,753 - INFO - Program still Running
2022-07-04 00:42:27,975 - INFO - Nilai Sekarang 0
2022-07-04 00:42:27,976 - INFO - Program still Running
2022-07-04 00:42:28,233 - INFO - Nilai Sekarang 0
2022-07-04 00:42:28,233 - INFO - Program still Running
2022-07-04 00:42:28,462 - INFO - Nilai Sekarang 0
2022-07-04 00:42:28,462 - INFO - Program still Running
2022-07-04 00:42:28,675 - INFO - Nilai Sekarang 0
2022-07-04 00:42:28,676 - INFO - Program still Running
2022-07-04 00:42:28,893 - INFO - Nilai Sekarang 0
2022-07-04 00:42:28,893 - INFO - Program still Running
2022-07-04 00:42:29,156 - INFO - Nilai Sekarang 0
2022-07-04 00:42:29,158 - INFO - Program still Running
2022-07-04 00:42:29,463 - INFO - Nilai Sekarang 0
2022-07-04 00:42:29,464 - INFO - Program still Running
2022-07-04 00:42:29,769 - INFO - Nilai Sekarang 0
2022-07-04 00:42:29,769 - INFO - Program still Running
2022-07-04 00:42:30,088 - INFO - Nilai Sekarang 0
2022-07-04 00:42:30,089 - INFO - Program still Running
2022-07-04 00:42:30,381 - INFO - Nilai Sekarang 0
2022-07-04 00:42:30,381 - INFO - Program still Running
2022-07-04 00:42:30,689 - INFO - Nilai Sekarang 0
2022-07-04 00:42:30,689 - INFO - Program still Running
2022-07-04 00:42:30,996 - INFO - Nilai Sekarang 0
2022-07-04 00:42:30,997 - INFO - Program still Running
2022-07-04 00:42:31,303 - INFO - Nilai Sekarang 0
2022-07-04 00:42:31,304 - INFO - Program still Running
2022-07-04 00:42:31,615 - INFO - Nilai Sekarang 0
2022-07-04 00:42:31,615 - INFO - Program still Running
2022-07-04 00:42:31,918 - INFO - Nilai Sekarang 0
2022-07-04 00:42:31,919 - INFO - Program still Running
2022-07-04 00:42:32,226 - INFO - Nilai Sekarang 0
2022-07-04 00:42:32,226 - INFO - Program still Running
2022-07-04 00:42:32,533 - INFO - Nilai Sekarang 0
2022-07-04 00:42:32,533 - INFO - Program still Running
2022-07-04 00:42:32,839 - INFO - Nilai Sekarang 0
2022-07-04 00:42:32,839 - INFO - Program still Running
2022-07-04 00:42:33,148 - INFO - Nilai Sekarang 0
2022-07-04 00:42:33,148 - INFO - Program still Running
2022-07-04 00:42:33,455 - INFO - Nilai Sekarang 0
2022-07-04 00:42:33,456 - INFO - Program still Running
2022-07-04 00:42:33,763 - INFO - Nilai Sekarang 0
2022-07-04 00:42:33,764 - INFO - Program still Running
2022-07-04 00:42:34,071 - INFO - Nilai Sekarang 0
2022-07-04 00:42:34,072 - INFO - Program still Running
2022-07-04 00:42:34,325 - INFO - Nilai Sekarang 0
2022-07-04 00:42:34,326 - INFO - Program still Running
2022-07-04 00:42:34,558 - INFO - Nilai Sekarang 0
2022-07-04 00:42:34,559 - INFO - Program still Running
2022-07-04 00:42:34,891 - INFO - Nilai Sekarang 0
2022-07-04 00:42:34,892 - INFO - Program still Running
2022-07-04 00:42:35,197 - INFO - Nilai Sekarang 0
2022-07-04 00:42:35,198 - INFO - Program still Running
2022-07-04 00:42:35,504 - INFO - Nilai Sekarang 0
2022-07-04 00:42:35,505 - INFO - Program still Running
2022-07-04 00:42:35,811 - INFO - Nilai Sekarang 0
2022-07-04 00:42:35,812 - INFO - Program still Running
2022-07-04 00:42:36,109 - INFO - Nilai Sekarang 0
2022-07-04 00:42:36,110 - INFO - Program still Running
2022-07-04 00:42:36,324 - INFO - Nilai Sekarang 1
2022-07-04 00:42:37,922 - INFO - berhasil melakukan Download. Path : Images/img_1.png
2022-07-04 00:42:37,964 - INFO - Berhasil Melakukan binary_global
2022-07-04 00:42:38,168 - INFO - Berhasil Melakukan binary_niblack, Window Size : 25
2022-07-04 00:42:38,168 - INFO - Berhasil Melakukan binary_niblack, Koofesien : 0.8
2022-07-04 00:42:38,240 - INFO - Berhasil Melakukan binary_sauvola, Window Size : 25
2022-07-04 00:42:38,247 - INFO - Berhasil Melakukan binary_TNS
2022-07-04 00:42:39,022 - INFO - Berhasil menyimpan gambar hasil Binary
2022-07-04 00:42:41,956 - INFO - Berhasil Mengupload gambar ke firebase
2022-07-04 00:42:42,263 - INFO - berhasil Mengirimkan 0 pada Push, {'Push': 0}
